
Notice: Undefined index: log_path in C:\xampp\htdocs\immer\system\core\Log.php on line 127

Notice: Undefined index: log_path in C:\xampp\htdocs\immer\system\core\Log.php on line 127

Warning: mkdir(): Invalid path in C:\xampp\htdocs\immer\system\core\Log.php on line 131

Notice: Undefined index: log_threshold in C:\xampp\htdocs\immer\system\core\Log.php on line 138

Notice: Undefined index: log_threshold in C:\xampp\htdocs\immer\system\core\Log.php on line 142

A PHP Error was encountered

Severity:    Notice
Message:     Undefined index: HTTP_HOST
Filename:    C:\xampp\htdocs\immer\application\config\config.php
Line Number: 28

Backtrace:
	File: C:\xampp\htdocs\immer\application\config\config.php
	Line: 28
	Function: _error_handler

	File: C:\xampp\htdocs\immer\index.php
	Line: 315
	Function: require_once

	File: C:\xampp\htdocs\immer\tasker.php
	Line: 7
	Function: require




A PHP Error was encountered

Severity:    Warning
Message:     Cannot modify header information - headers already sent by (output started at C:\xampp\htdocs\immer\system\core\Log.php:127)
Filename:    C:\xampp\htdocs\immer\system\helpers\url_helper.php
Line Number: 564

Backtrace:
	File: C:\xampp\htdocs\immer\application\controllers\Inventario.php
	Line: 53
	Function: redirect

	File: C:\xampp\htdocs\immer\index.php
	Line: 315
	Function: require_once

	File: C:\xampp\htdocs\immer\tasker.php
	Line: 7
	Function: require



Notice: Undefined index: log_path in C:\xampp\htdocs\immer\system\core\Log.php on line 127

Notice: Undefined index: log_path in C:\xampp\htdocs\immer\system\core\Log.php on line 127

Warning: mkdir(): Invalid path in C:\xampp\htdocs\immer\system\core\Log.php on line 131

Notice: Undefined index: log_threshold in C:\xampp\htdocs\immer\system\core\Log.php on line 138

Notice: Undefined index: log_threshold in C:\xampp\htdocs\immer\system\core\Log.php on line 142

A PHP Error was encountered

Severity:    Notice
Message:     Undefined index: HTTP_HOST
Filename:    C:\xampp\htdocs\immer\application\config\config.php
Line Number: 28

Backtrace:
	File: C:\xampp\htdocs\immer\application\config\config.php
	Line: 28
	Function: _error_handler

	File: C:\xampp\htdocs\immer\index.php
	Line: 315
	Function: require_once

	File: C:\xampp\htdocs\immer\tasker.php
	Line: 7
	Function: require




A PHP Error was encountered

Severity:    Warning
Message:     Cannot modify header information - headers already sent by (output started at C:\xampp\htdocs\immer\system\core\Log.php:127)
Filename:    C:\xampp\htdocs\immer\system\helpers\url_helper.php
Line Number: 564

Backtrace:
	File: C:\xampp\htdocs\immer\application\controllers\Inventario.php
	Line: 53
	Function: redirect

	File: C:\xampp\htdocs\immer\index.php
	Line: 315
	Function: require_once

	File: C:\xampp\htdocs\immer\tasker.php
	Line: 7
	Function: require



Notice: Undefined index: log_path in C:\xampp\htdocs\immer\system\core\Log.php on line 127

Notice: Undefined index: log_path in C:\xampp\htdocs\immer\system\core\Log.php on line 127

Warning: mkdir(): Invalid path in C:\xampp\htdocs\immer\system\core\Log.php on line 131

Notice: Undefined index: log_threshold in C:\xampp\htdocs\immer\system\core\Log.php on line 138

Notice: Undefined index: log_threshold in C:\xampp\htdocs\immer\system\core\Log.php on line 142

A PHP Error was encountered

Severity:    Notice
Message:     Undefined index: HTTP_HOST
Filename:    C:\xampp\htdocs\immer\application\config\config.php
Line Number: 28

Backtrace:
	File: C:\xampp\htdocs\immer\application\config\config.php
	Line: 28
	Function: _error_handler

	File: C:\xampp\htdocs\immer\index.php
	Line: 315
	Function: require_once

	File: C:\xampp\htdocs\immer\tasker.php
	Line: 7
	Function: require




A PHP Error was encountered

Severity:    Warning
Message:     Cannot modify header information - headers already sent by (output started at C:\xampp\htdocs\immer\system\core\Log.php:127)
Filename:    C:\xampp\htdocs\immer\system\helpers\url_helper.php
Line Number: 564

Backtrace:
	File: C:\xampp\htdocs\immer\application\controllers\Inventario.php
	Line: 53
	Function: redirect

	File: C:\xampp\htdocs\immer\index.php
	Line: 315
	Function: require_once

	File: C:\xampp\htdocs\immer\tasker.php
	Line: 7
	Function: require



Notice: Undefined index: log_path in C:\xampp\htdocs\immer\system\core\Log.php on line 127

Notice: Undefined index: log_path in C:\xampp\htdocs\immer\system\core\Log.php on line 127

Warning: mkdir(): Invalid path in C:\xampp\htdocs\immer\system\core\Log.php on line 131

Notice: Undefined index: log_threshold in C:\xampp\htdocs\immer\system\core\Log.php on line 138

Notice: Undefined index: log_threshold in C:\xampp\htdocs\immer\system\core\Log.php on line 142

A PHP Error was encountered

Severity:    Notice
Message:     Undefined index: HTTP_HOST
Filename:    C:\xampp\htdocs\immer\application\config\config.php
Line Number: 28

Backtrace:
	File: C:\xampp\htdocs\immer\application\config\config.php
	Line: 28
	Function: _error_handler

	File: C:\xampp\htdocs\immer\index.php
	Line: 315
	Function: require_once

	File: C:\xampp\htdocs\immer\tasker.php
	Line: 7
	Function: require




A PHP Error was encountered

Severity:    Warning
Message:     Cannot modify header information - headers already sent by (output started at C:\xampp\htdocs\immer\system\core\Log.php:127)
Filename:    C:\xampp\htdocs\immer\system\helpers\url_helper.php
Line Number: 564

Backtrace:
	File: C:\xampp\htdocs\immer\application\controllers\Inventario.php
	Line: 53
	Function: redirect

	File: C:\xampp\htdocs\immer\index.php
	Line: 315
	Function: require_once

	File: C:\xampp\htdocs\immer\tasker.php
	Line: 7
	Function: require


